
[34minfo[39m: Metodo: GET en /loggerTest/fatal - 02:59:20 
[31mfatal[39m: Esto es un error FATAL, no existe el producto que desea
[34minfo[39m: Metodo: GET en /loggerTest/fatal - 02:59:22 
[31mfatal[39m: Esto es un error FATAL, no existe el producto que desea
[34minfo[39m: Metodo: GET en /loggerTest/fatal - 02:59:24 
[31mfatal[39m: Esto es un error FATAL, no existe el producto que desea
[34minfo[39m: Metodo: GET en /loggerTest/fatal - 02:59:44 
[31mfatal[39m: Esto es un error FATAL, no existe el producto que desea
[34minfo[39m: Metodo: GET en /loggerTest/error - 03:00:02 
[31merror[39m: Esto es un error NO FATAL, no se encuentra la descripción del producto
[34minfo[39m: Metodo: GET en /loggerTest/error - 03:00:08 
[31merror[39m: Esto es un error NO FATAL, no se encuentra la descripción del producto
[34minfo[39m: Metodo: GET en /loggerTest/warning - 03:00:13 
[33mwarning[39m: Esto es un WARNING, no se encontro el producto deseado
[34minfo[39m: Metodo: GET en /loggerTest/warning - 03:00:15 
[33mwarning[39m: Esto es un WARNING, no se encontro el producto deseado
[34minfo[39m: Metodo: GET en /loggerTest/warning - 03:00:26 
[33mwarning[39m: Esto es un WARNING, no se encontro el producto deseado
[34minfo[39m: Metodo: GET en /loggerTest/warning - 03:00:38 
[33mwarning[39m: Esto es un WARNING, no se encontro el producto deseado
[34minfo[39m: Metodo: GET en /loggerTest/warning - 03:00:40 
[33mwarning[39m: Esto es un WARNING, no se encontro el producto deseado
[34minfo[39m: Metodo: GET en /loggerTest/warning - 03:00:44 
[33mwarning[39m: Esto es un WARNING, no se encontro el producto deseado
[34minfo[39m: Metodo: GET en /loggerTest/fatal - 03:00:52 
[31mfatal[39m: Esto es un error FATAL, no existe el producto que desea
[34minfo[39m: Metodo: GET en /loggerTest/fatal - 03:03:44 
[31mfatal[39m: Esto es un error FATAL, no existe el producto que desea
[34minfo[39m: Metodo: GET en /loggerTest/fatal - 03:03:52 
[31mfatal[39m: Esto es un error FATAL, no existe el producto que desea
[34minfo[39m: Metodo: GET en /loggerTest/error - 03:03:55 
[31merror[39m: Esto es un error NO FATAL, no se encuentra la descripción del producto
[34minfo[39m: Metodo: GET en /loggerTest/error - 03:04:03 
[31merror[39m: Esto es un error NO FATAL, no se encuentra la descripción del producto
[34minfo[39m: Metodo: GET en /loggerTest/error - 03:06:17 
[31merror[39m: Esto es un error NO FATAL, no se encuentra la descripción del producto
[34minfo[39m: Metodo: GET en /loggerTest/error - 03:06:25 
[31merror[39m: Esto es un error NO FATAL, no se encuentra la descripción del producto
[34minfo[39m: Metodo: GET en /loggerTest/fatal - 03:06:40 
[31mfatal[39m: Esto es un error FATAL, no existe el producto que desea
[34minfo[39m: Metodo: GET en /loggerTest/fatal - 03:08:48 
[31mfatal[39m: Esto es un error FATAL, no existe el producto que desea
[34minfo[39m: Metodo: GET en /loggerTest/fatal - 03:08:54 
[31mfatal[39m: Esto es un error FATAL, no existe el producto que desea
[34minfo[39m: Metodo: GET en /loggerTest/fatal - 03:09:19 
[31mfatal[39m: Esto es un error FATAL, no existe el producto que desea
[34minfo[39m: Metodo: GET en /loggerTest/error - 03:09:23 
[31merror[39m: Esto es un error NO FATAL, no se encuentra la descripción del producto
[34minfo[39m: Metodo: GET en /loggerTest/error - 03:09:34 
[31merror[39m: Esto es un error NO FATAL, no se encuentra la descripción del producto
[34minfo[39m: Metodo: GET en /loggerTest/error - 03:09:38 
[31merror[39m: Esto es un error NO FATAL, no se encuentra la descripción del producto
[34minfo[39m: Metodo: GET en /loggerTest/fatal - 03:09:46 
[31mfatal[39m: Esto es un error FATAL, no existe el producto que desea
[34minfo[39m: Metodo: GET en /loggerTest/warning - 03:09:58 
[33mwarning[39m: Esto es un WARNING, no se encontro el producto deseado
[34minfo[39m: Metodo: GET en /loggerTest/warning - 03:12:37 
[33mwarning[39m: Esto es un WARNING, no se encontro el producto deseado
[34minfo[39m: Metodo: GET en /loggerTest/fatal - 03:12:40 
[31mfatal[39m: Esto es un error FATAL, no existe el producto que desea
[34minfo[39m: Metodo: GET en /loggerTest/error - 03:12:43 
[31merror[39m: Esto es un error NO FATAL, no se encuentra la descripción del producto
[34minfo[39m: Metodo: GET en /loggerTest/error - 03:14:17 
[31merror[39m: Esto es un error NO FATAL, no se encuentra la descripción del producto
[34minfo[39m: Metodo: GET en /loggerTest/error - 03:14:20 
[31merror[39m: Esto es un error NO FATAL, no se encuentra la descripción del producto
[34minfo[39m: Metodo: GET en /loggerTest/error - 03:14:53 
[31merror[39m: Esto es un error NO FATAL, no se encuentra la descripción del producto
